I, [2018-01-07T11:39:51.695646 #19834]  INFO -- : Received OPTIONS request for mock service administration endpoint POST /interactions. Returning CORS headers: {"Access-Control-Allow-Origin":"http://localhost","Access-Control-Allow-Headers":"x-pact-mock-service","Access-Control-Allow-Methods":"DELETE, POST, GET, HEAD, PUT, TRACE, CONNECT, PATCH"}.
I, [2018-01-07T11:39:51.700252 #19834]  INFO -- : Registered expected interaction GET /api/wallets
D, [2018-01-07T11:39:51.700394 #19834] DEBUG -- : {
  "description": "a request for wallets",
  "providerState": "i have at least one wallet",
  "request": {
    "method": "GET",
    "path": "/api/wallets",
    "headers": {
      "Accept": "application/json"
    }
  },
  "response": {
    "status": 200,
    "headers": {
      "Content-Type": "application/json"
    },
    "body": {
      "dd9fbf9b-a500-4c00-b00d-069ea4080004": "Test Wallet"
    }
  }
}
I, [2018-01-07T11:39:51.708888 #19834]  INFO -- : Received request GET /api/wallets
D, [2018-01-07T11:39:51.708982 #19834] DEBUG -- : {
  "path": "/api/wallets",
  "query": "",
  "method": "get",
  "headers": {
    "Content-Type": "application/json; charset=utf-8",
    "Accept": "application/json",
    "Accept-Encoding": "gzip,deflate",
    "User-Agent": "node-fetch/1.0 (+https://github.com/bitinn/node-fetch)",
    "Connection": "close",
    "Host": "localhost:8989",
    "Version": "HTTP/1.1"
  }
}
I, [2018-01-07T11:39:51.709113 #19834]  INFO -- : Found matching response for GET /api/wallets
D, [2018-01-07T11:39:51.709175 #19834] DEBUG -- : {
  "status": 200,
  "headers": {
    "Content-Type": "application/json"
  },
  "body": {
    "dd9fbf9b-a500-4c00-b00d-069ea4080004": "Test Wallet"
  }
}
